mode: atomic
logstore/internal/logcomponents/store.go:40.43,42.16 2 14
logstore/internal/logcomponents/store.go:45.2,50.8 2 14
logstore/internal/logcomponents/store.go:42.16,44.3 1 0
logstore/internal/logcomponents/store.go:54.68,59.65 4 16
logstore/internal/logcomponents/store.go:67.2,68.16 2 16
logstore/internal/logcomponents/store.go:72.2,74.28 3 16
logstore/internal/logcomponents/store.go:59.65,61.3 1 0
logstore/internal/logcomponents/store.go:68.16,70.3 1 0
logstore/internal/logcomponents/store.go:78.50,81.38 3 7
logstore/internal/logcomponents/store.go:85.2,87.16 3 7
logstore/internal/logcomponents/store.go:95.2,96.65 2 7
logstore/internal/logcomponents/store.go:100.2,100.15 1 7
logstore/internal/logcomponents/store.go:81.38,83.3 1 0
logstore/internal/logcomponents/store.go:87.16,89.3 1 0
logstore/internal/logcomponents/store.go:96.65,98.3 1 0
logstore/internal/logcomponents/store.go:104.58,107.38 3 7
logstore/internal/logcomponents/store.go:110.2,110.30 1 7
logstore/internal/logcomponents/store.go:107.38,109.3 1 0
logstore/internal/logcomponents/store.go:114.31,118.16 4 5
logstore/internal/logcomponents/store.go:121.2,121.23 1 5
logstore/internal/logcomponents/store.go:118.16,120.3 1 0
logstore/internal/logcomponents/index.go:23.53,26.16 2 14
logstore/internal/logcomponents/index.go:30.2,34.16 3 14
logstore/internal/logcomponents/index.go:38.2,47.16 3 14
logstore/internal/logcomponents/index.go:50.2,51.17 2 14
logstore/internal/logcomponents/index.go:26.16,28.3 1 0
logstore/internal/logcomponents/index.go:34.16,36.3 1 0
logstore/internal/logcomponents/index.go:47.16,49.3 1 0
logstore/internal/logcomponents/index.go:54.31,56.52 1 5
logstore/internal/logcomponents/index.go:59.2,59.38 1 5
logstore/internal/logcomponents/index.go:63.2,63.55 1 5
logstore/internal/logcomponents/index.go:66.2,66.23 1 5
logstore/internal/logcomponents/index.go:56.52,58.3 1 0
logstore/internal/logcomponents/index.go:59.38,61.3 1 0
logstore/internal/logcomponents/index.go:63.55,65.3 1 0
logstore/internal/logcomponents/index.go:69.68,70.17 1 21
logstore/internal/logcomponents/index.go:74.2,74.14 1 11
logstore/internal/logcomponents/index.go:79.2,80.27 2 11
logstore/internal/logcomponents/index.go:83.2,85.22 3 10
logstore/internal/logcomponents/index.go:70.17,72.3 1 10
logstore/internal/logcomponents/index.go:74.14,76.3 1 4
logstore/internal/logcomponents/index.go:76.8,78.3 1 7
logstore/internal/logcomponents/index.go:80.27,82.3 1 1
logstore/internal/logcomponents/index.go:88.53,90.43 1 14
logstore/internal/logcomponents/index.go:94.2,98.12 4 13
logstore/internal/logcomponents/index.go:90.43,92.3 1 1
logstore/internal/logcomponents/index.go:101.31,103.2 1 3
logstore/internal/logcomponents/log.go:29.49,31.34 1 6
logstore/internal/logcomponents/log.go:35.2,35.34 1 6
logstore/internal/logcomponents/log.go:38.2,42.21 2 6
logstore/internal/logcomponents/log.go:31.34,33.3 1 0
logstore/internal/logcomponents/log.go:35.34,37.3 1 5
logstore/internal/logcomponents/log.go:45.44,47.16 2 9
logstore/internal/logcomponents/log.go:51.2,53.12 3 9
logstore/internal/logcomponents/log.go:47.16,49.3 1 0
logstore/internal/logcomponents/log.go:61.29,63.16 2 6
logstore/internal/logcomponents/log.go:66.2,67.29 2 6
logstore/internal/logcomponents/log.go:75.2,75.46 1 6
logstore/internal/logcomponents/log.go:79.2,79.40 1 6
logstore/internal/logcomponents/log.go:86.2,86.23 1 6
logstore/internal/logcomponents/log.go:93.2,93.12 1 6
logstore/internal/logcomponents/log.go:63.16,65.3 1 0
logstore/internal/logcomponents/log.go:67.29,74.3 3 4
logstore/internal/logcomponents/log.go:75.46,77.3 1 3
logstore/internal/logcomponents/log.go:79.40,80.53 1 2
logstore/internal/logcomponents/log.go:83.3,83.6 1 2
logstore/internal/logcomponents/log.go:80.53,82.4 1 0
logstore/internal/logcomponents/log.go:86.23,89.17 1 5
logstore/internal/logcomponents/log.go:89.17,91.4 1 0
logstore/internal/logcomponents/log.go:99.60,104.16 4 8
logstore/internal/logcomponents/log.go:108.2,108.31 1 8
logstore/internal/logcomponents/log.go:112.2,112.17 1 8
logstore/internal/logcomponents/log.go:104.16,106.3 1 0
logstore/internal/logcomponents/log.go:108.31,110.3 1 2
logstore/internal/logcomponents/log.go:117.55,126.37 4 3
logstore/internal/logcomponents/log.go:132.2,132.37 1 3
logstore/internal/logcomponents/log.go:135.2,135.20 1 1
logstore/internal/logcomponents/log.go:126.37,127.60 1 3
logstore/internal/logcomponents/log.go:127.60,129.9 2 1
logstore/internal/logcomponents/log.go:132.37,134.3 1 2
logstore/internal/logcomponents/log.go:141.29,145.37 3 1
logstore/internal/logcomponents/log.go:150.2,150.12 1 1
logstore/internal/logcomponents/log.go:145.37,146.41 1 2
logstore/internal/logcomponents/log.go:146.41,148.4 1 0
logstore/internal/logcomponents/log.go:156.30,157.34 1 0
logstore/internal/logcomponents/log.go:160.2,160.28 1 0
logstore/internal/logcomponents/log.go:157.34,159.3 1 0
logstore/internal/logcomponents/log.go:166.29,167.35 1 0
logstore/internal/logcomponents/log.go:170.2,170.18 1 0
logstore/internal/logcomponents/log.go:167.35,169.3 1 0
logstore/internal/logcomponents/log.go:173.46,177.2 3 2
logstore/internal/logcomponents/log.go:179.47,183.14 4 2
logstore/internal/logcomponents/log.go:186.2,186.21 1 2
logstore/internal/logcomponents/log.go:183.14,185.3 1 0
logstore/internal/logcomponents/log.go:193.45,197.31 4 1
logstore/internal/logcomponents/log.go:206.2,207.12 2 1
logstore/internal/logcomponents/log.go:197.31,198.31 1 2
logstore/internal/logcomponents/log.go:204.3,204.33 1 1
logstore/internal/logcomponents/log.go:198.31,199.37 1 1
logstore/internal/logcomponents/log.go:202.4,202.12 1 1
logstore/internal/logcomponents/log.go:199.37,201.5 1 0
logstore/internal/logcomponents/log.go:213.34,217.37 4 1
logstore/internal/logcomponents/log.go:220.2,220.35 1 1
logstore/internal/logcomponents/log.go:217.37,219.3 1 1
logstore/internal/logcomponents/log.go:228.52,232.2 3 1
logstore/internal/logcomponents/replica.go:23.26,24.21 1 0
logstore/internal/logcomponents/replica.go:27.2,27.22 1 0
logstore/internal/logcomponents/replica.go:30.2,30.20 1 0
logstore/internal/logcomponents/replica.go:24.21,26.3 1 0
logstore/internal/logcomponents/replica.go:27.22,29.3 1 0
logstore/internal/logcomponents/replica.go:30.20,32.3 1 0
logstore/internal/logcomponents/replica.go:35.63,37.16 2 0
logstore/internal/logcomponents/replica.go:41.2,50.16 5 0
logstore/internal/logcomponents/replica.go:55.2,56.12 2 0
logstore/internal/logcomponents/replica.go:67.2,67.6 1 0
logstore/internal/logcomponents/replica.go:37.16,40.3 2 0
logstore/internal/logcomponents/replica.go:50.16,53.3 2 0
logstore/internal/logcomponents/replica.go:56.12,57.7 1 0
logstore/internal/logcomponents/replica.go:57.7,59.18 2 0
logstore/internal/logcomponents/replica.go:63.4,63.26 1 0
logstore/internal/logcomponents/replica.go:59.18,62.5 2 0
logstore/internal/logcomponents/replica.go:67.6,68.10 1 0
logstore/internal/logcomponents/replica.go:69.18,70.10 1 0
logstore/internal/logcomponents/replica.go:71.16,72.10 1 0
logstore/internal/logcomponents/replica.go:73.28,80.18 2 0
logstore/internal/logcomponents/replica.go:80.18,83.5 2 0
logstore/internal/logcomponents/replica.go:88.49,93.14 4 0
logstore/internal/logcomponents/replica.go:97.2,97.34 1 0
logstore/internal/logcomponents/replica.go:100.2,103.12 3 0
logstore/internal/logcomponents/replica.go:93.14,95.3 1 0
logstore/internal/logcomponents/replica.go:97.34,99.3 1 0
logstore/internal/logcomponents/replica.go:106.44,111.35 4 0
logstore/internal/logcomponents/replica.go:114.2,116.12 3 0
logstore/internal/logcomponents/replica.go:111.35,113.3 1 0
logstore/internal/logcomponents/replica.go:119.33,124.14 4 0
logstore/internal/logcomponents/replica.go:127.2,129.12 3 0
logstore/internal/logcomponents/replica.go:124.14,126.3 1 0
logstore/internal/logcomponents/replica.go:132.57,138.2 1 0
logstore/internal/logcomponents/segment.go:20.76,32.16 4 12
logstore/internal/logcomponents/segment.go:35.2,35.52 1 12
logstore/internal/logcomponents/segment.go:38.2,43.16 2 12
logstore/internal/logcomponents/segment.go:46.2,46.55 1 12
logstore/internal/logcomponents/segment.go:50.2,50.49 1 12
logstore/internal/logcomponents/segment.go:56.2,56.15 1 12
logstore/internal/logcomponents/segment.go:32.16,34.3 1 0
logstore/internal/logcomponents/segment.go:35.52,37.3 1 0
logstore/internal/logcomponents/segment.go:43.16,45.3 1 0
logstore/internal/logcomponents/segment.go:46.55,48.3 1 0
logstore/internal/logcomponents/segment.go:50.49,52.3 1 9
logstore/internal/logcomponents/segment.go:52.8,55.3 1 3
logstore/internal/logcomponents/segment.go:59.76,64.16 4 12
logstore/internal/logcomponents/segment.go:68.2,69.16 2 12
logstore/internal/logcomponents/segment.go:73.2,76.16 1 12
logstore/internal/logcomponents/segment.go:79.2,80.17 2 11
logstore/internal/logcomponents/segment.go:64.16,66.3 1 0
logstore/internal/logcomponents/segment.go:69.16,71.3 1 0
logstore/internal/logcomponents/segment.go:76.16,78.3 1 1
logstore/internal/logcomponents/segment.go:83.60,85.16 2 4
logstore/internal/logcomponents/segment.go:89.2,90.16 2 4
logstore/internal/logcomponents/segment.go:94.2,96.20 3 4
logstore/internal/logcomponents/segment.go:85.16,87.3 1 0
logstore/internal/logcomponents/segment.go:90.16,92.3 1 0
logstore/internal/logcomponents/segment.go:99.34,107.2 1 12
logstore/internal/logcomponents/segment.go:109.34,110.34 1 2
logstore/internal/logcomponents/segment.go:113.2,113.50 1 2
logstore/internal/logcomponents/segment.go:116.2,116.50 1 2
logstore/internal/logcomponents/segment.go:119.2,119.12 1 2
logstore/internal/logcomponents/segment.go:110.34,112.3 1 0
logstore/internal/logcomponents/segment.go:113.50,115.3 1 0
logstore/internal/logcomponents/segment.go:116.50,118.3 1 0
logstore/internal/logcomponents/segment.go:122.33,123.40 1 4
logstore/internal/logcomponents/segment.go:126.2,126.40 1 4
logstore/internal/logcomponents/segment.go:129.2,129.12 1 4
logstore/internal/logcomponents/segment.go:123.40,125.3 1 0
logstore/internal/logcomponents/segment.go:126.40,128.3 1 0
logstore/internal/server/server.go:55.3,60.47 2 4
logstore/internal/server/server.go:69.2,75.16 4 4
logstore/internal/server/server.go:80.2,108.16 15 4
logstore/internal/server/server.go:111.2,112.21 2 4
logstore/internal/server/server.go:60.47,65.5 1 8
logstore/internal/server/server.go:75.16,77.3 1 0
logstore/internal/server/server.go:108.16,110.3 1 0
logstore/internal/server/server.go:119.65,124.2 2 4
logstore/internal/server/server.go:129.34,134.16 1 5
logstore/internal/server/server.go:137.2,138.16 2 4
logstore/internal/server/server.go:141.2,141.48 1 4
logstore/internal/server/server.go:134.16,136.3 1 1
logstore/internal/server/server.go:138.16,140.3 1 0
logstore/internal/server/server.go:146.9,147.6 1 1
logstore/internal/server/server.go:147.6,149.17 2 3
logstore/internal/server/server.go:152.3,153.17 2 2
logstore/internal/server/server.go:156.3,156.41 1 2
logstore/internal/server/server.go:149.17,151.4 1 1
logstore/internal/server/server.go:153.17,155.4 1 0
logstore/internal/server/server.go:156.41,158.4 1 0
logstore/internal/server/server.go:163.30,168.16 1 8
logstore/internal/server/server.go:171.2,172.16 2 7
logstore/internal/server/server.go:175.2,175.49 1 3
logstore/internal/server/server.go:168.16,170.3 1 1
logstore/internal/server/server.go:172.16,174.3 1 4
logstore/internal/server/server.go:181.9,182.6 1 1
logstore/internal/server/server.go:182.6,183.10 1 6
logstore/internal/server/server.go:184.34,185.14 1 1
logstore/internal/server/server.go:186.11,188.22 2 5
logstore/internal/server/server.go:195.4,195.42 1 2
logstore/internal/server/server.go:198.4,198.16 1 2
logstore/internal/server/server.go:189.13,189.13 0 2
logstore/internal/server/server.go:190.32,191.13 1 3
logstore/internal/server/server.go:192.12,193.15 1 0
logstore/internal/server/server.go:195.42,197.5 1 0
logstore/internal/server/server.go:203.65,205.9 2 8
logstore/internal/server/server.go:212.2,212.26 1 8
logstore/internal/server/server.go:216.2,220.17 4 8
logstore/internal/server/server.go:205.9,210.3 1 0
logstore/internal/server/server.go:212.26,214.3 1 0
logstore/internal/server/server.go:226.42,228.2 1 13
logstore/internal/discovery/membership.go:32.63,39.38 2 3
logstore/internal/discovery/membership.go:43.2,43.15 1 3
logstore/internal/discovery/membership.go:39.38,41.3 1 0
logstore/internal/discovery/membership.go:46.40,48.16 2 3
logstore/internal/discovery/membership.go:51.2,62.16 10 3
logstore/internal/discovery/membership.go:66.2,67.29 2 3
logstore/internal/discovery/membership.go:73.2,73.12 1 3
logstore/internal/discovery/membership.go:48.16,50.3 1 0
logstore/internal/discovery/membership.go:62.16,64.3 1 0
logstore/internal/discovery/membership.go:67.29,69.17 2 2
logstore/internal/discovery/membership.go:69.17,71.4 1 0
logstore/internal/discovery/membership.go:76.37,77.26 1 3
logstore/internal/discovery/membership.go:77.26,78.24 1 12
logstore/internal/discovery/membership.go:79.29,80.56 1 9
logstore/internal/discovery/membership.go:86.54,87.56 1 3
logstore/internal/discovery/membership.go:80.56,81.26 1 9
logstore/internal/discovery/membership.go:84.5,84.25 1 6
logstore/internal/discovery/membership.go:81.26,82.14 1 3
logstore/internal/discovery/membership.go:87.56,88.26 1 3
logstore/internal/discovery/membership.go:91.5,91.26 1 2
logstore/internal/discovery/membership.go:88.26,89.14 1 1
logstore/internal/discovery/membership.go:100.53,104.16 1 6
logstore/internal/discovery/membership.go:104.16,106.3 1 0
logstore/internal/discovery/membership.go:112.54,115.16 1 2
logstore/internal/discovery/membership.go:115.16,117.3 1 0
logstore/internal/discovery/membership.go:120.55,122.2 1 12
logstore/internal/discovery/membership.go:124.46,126.2 1 3
logstore/internal/discovery/membership.go:128.36,130.2 1 1
logstore/internal/discovery/membership.go:132.74,139.2 1 0
logstore/internal/agent/agent.go:34.41,46.27 3 3
logstore/internal/agent/agent.go:51.2,51.15 1 3
logstore/internal/agent/agent.go:46.27,47.30 1 12
logstore/internal/agent/agent.go:47.30,49.4 1 0
logstore/internal/agent/agent.go:54.37,56.16 2 3
logstore/internal/agent/agent.go:59.2,60.12 2 3
logstore/internal/agent/agent.go:56.16,58.3 1 0
logstore/internal/agent/agent.go:63.34,71.2 3 3
logstore/internal/agent/agent.go:73.37,85.37 4 3
logstore/internal/agent/agent.go:90.2,92.16 3 3
logstore/internal/agent/agent.go:95.2,96.16 2 3
logstore/internal/agent/agent.go:99.2,100.16 2 3
logstore/internal/agent/agent.go:103.2,103.12 1 3
logstore/internal/agent/agent.go:108.2,108.12 1 3
logstore/internal/agent/agent.go:85.37,88.3 2 3
logstore/internal/agent/agent.go:92.16,94.3 1 0
logstore/internal/agent/agent.go:96.16,98.3 1 0
logstore/internal/agent/agent.go:100.16,102.3 1 0
logstore/internal/agent/agent.go:103.12,104.50 1 3
logstore/internal/agent/agent.go:104.50,106.4 1 0
logstore/internal/agent/agent.go:111.41,113.16 2 3
logstore/internal/agent/agent.go:116.2,117.35 2 3
logstore/internal/agent/agent.go:124.2,125.16 2 3
logstore/internal/agent/agent.go:128.2,145.12 4 3
logstore/internal/agent/agent.go:113.16,115.3 1 0
logstore/internal/agent/agent.go:117.35,122.3 2 3
logstore/internal/agent/agent.go:125.16,127.3 1 0
logstore/internal/agent/agent.go:148.34,151.16 3 3
logstore/internal/agent/agent.go:154.2,156.27 3 3
logstore/internal/agent/agent.go:160.2,166.30 2 3
logstore/internal/agent/agent.go:171.2,171.12 1 3
logstore/internal/agent/agent.go:151.16,153.3 1 0
logstore/internal/agent/agent.go:156.27,159.3 2 3
logstore/internal/agent/agent.go:166.30,167.30 1 12
logstore/internal/agent/agent.go:167.30,169.4 1 0
logstore/internal/agent/agent.go:186.43,188.16 2 8
logstore/internal/agent/agent.go:191.2,191.51 1 8
logstore/internal/agent/agent.go:188.16,190.3 1 0
